<?xml version="1.0" encoding="UTF-8"?>
<testsuite xmlns:xsi="http://www.w3.org/2001/XMLSchema-instance" xsi:noNamespaceSchemaLocation="https://maven.apache.org/surefire/maven-surefire-plugin/xsd/surefire-test-report.xsd" name="com.splunk.runner.TestRunner" time="66.632" tests="24" errors="0" skipped="0" failures="4">
  <properties>
[...]
</properties>
  <testcase name="When User submit GET request with below parameter and get movie data response" classname="| batman | 0 | 200 |" time="0.04"/>
  <testcase name="When User submit GET request with below parameter and get movie data response" classname="| batman | 0 | 200 |" time="0"/>
  <testcase name="When User submit GET request with below parameter and get movie data response" classname="| batman | 0 | 200 |" time="0"/>
  <testcase name="When User submit GET request with below parameter and get movie data response" classname="| batman | 0 | 200 |" time="0"/>
  <testcase name="When User submit GET request with below parameter and get movie data response" classname="| batman | 0 | 200 |" time="0"/>
  <testcase name="When User submit GET request with below parameter and get movie data response" classname="| batman | 0 | 200 |" time="0"/>
  <testcase name="Then User verifies response status code is &quot;200&quot;" classname="| batman | 0 | 200 |" time="0.001"/>
  <testcase name="Then User verifies response status code is &quot;200&quot;" classname="| batman | 0 | 200 |" time="0"/>
  <testcase name="Then User verifies response status code is &quot;200&quot;" classname="| batman | 0 | 200 |" time="0.001"/>
  <testcase name="Then User verifies response status code is &quot;200&quot;" classname="| batman | 0 | 200 |" time="0"/>
  <testcase name="Then User verifies response status code is &quot;200&quot;" classname="| batman | 0 | 200 |" time="0"/>
  <testcase name="Then User verifies response status code is &quot;200&quot;" classname="| batman | 0 | 200 |" time="0"/>
  <testcase name="And User verifies no two movie has same image" classname="| batman | 0 | 200 |" time="0.149">
    <failure message="Two or more Movies has same image/poster path." type="java.lang.AssertionError">java.lang.AssertionError: Two or more Movies has same image/poster path.
</failure>
    <system-out><![CDATA[[main] INFO  com.splunk.base.BaseClass  - Total number of movies:: 16
[main] INFO  com.splunk.base.BaseClass  - [https://www.dropbox.com/s/8i8v4ak8tnp03w4/action-blur-electronics-247932.jpg?dl=0, https://www.dropbox.com/s/opfcp4ua5fmdszj/actor-actress-adult-974477.jpg?dl=0, https://www.dropbox.com/s/1qcl5f3o1dmsn0d/adult-beard-electronics-819848.jpg?dl=0, https://www.dropbox.com/s/0j5o30t1h21u2pw/architecture-bluebird-theatre-building-208647.jpg?dl=0, https://www.dropbox.com/s/xs5w5v43lpfg4vj/auditorium-chairs-comfortable-269140.jpg?dl=0, https://www.dropbox.com/s/tr9lhmsukyr62nf/black-and-white-caixa-belas-artes-cinema-65437.jpg?dl=0, https://www.dropbox.com/s/l3qyiomplo1xy2p/candy-delicious-eating-2904.jpg?dl=0, https://www.dropbox.com/s/2jda8hu20y99jxl/cinema-food-movie-theater-33129.jpg?dl=0, https://www.dropbox.com/s/2jda8hu20y99jxl/cinema-food-movie-theater-33129.jpg?dl=0, /sWa1Y5QhGuJMjw8uuFoggGLqZ0y.jpg, https://www.dropbox.com/s/2jda8hu20y99jxl/cinema-food-movvvie-theater-33129.jpg?dl=0]
[main] INFO  com.splunk.base.BaseClass  - List Contains Duplicates
[main] INFO  com.splunk.base.BaseClass  - List :: [https://www.dropbox.com/s/8i8v4ak8tnp03w4/action-blur-electronics-247932.jpg?dl=0, https://www.dropbox.com/s/opfcp4ua5fmdszj/actor-actress-adult-974477.jpg?dl=0, https://www.dropbox.com/s/1qcl5f3o1dmsn0d/adult-beard-electronics-819848.jpg?dl=0, https://www.dropbox.com/s/0j5o30t1h21u2pw/architecture-bluebird-theatre-building-208647.jpg?dl=0, https://www.dropbox.com/s/xs5w5v43lpfg4vj/auditorium-chairs-comfortable-269140.jpg?dl=0, https://www.dropbox.com/s/tr9lhmsukyr62nf/black-and-white-caixa-belas-artes-cinema-65437.jpg?dl=0, https://www.dropbox.com/s/l3qyiomplo1xy2p/candy-delicious-eating-2904.jpg?dl=0, https://www.dropbox.com/s/2jda8hu20y99jxl/cinema-food-movie-theater-33129.jpg?dl=0, https://www.dropbox.com/s/2jda8hu20y99jxl/cinema-food-movie-theater-33129.jpg?dl=0, /sWa1Y5QhGuJMjw8uuFoggGLqZ0y.jpg, https://www.dropbox.com/s/2jda8hu20y99jxl/cinema-food-movvvie-theater-33129.jpg?dl=0]
[main] INFO  com.splunk.base.BaseClass  - Total Duplicate items in list :: 1
[main] INFO  com.splunk.base.BaseClass  - Duplicates in List are :: [https://www.dropbox.com/s/2jda8hu20y99jxl/cinema-food-movie-theater-33129.jpg?dl=0]
[main] INFO  com.splunk.base.BaseClass  - Added text to report successfully. /nText :: <table border='1'> <tr > <th colspan='1'><center> Duplicate Poster Path/s Detail</center></th><tr><td><left> https://www.dropbox.com/s/2jda8hu20y99jxl/cinema-food-movie-theater-33129.jpg?dl=0</left></td></tr></table>
]]></system-out>
  </testcase>
  <testcase name="| batman | 0 | 200 |" classname="| batman | 0 | 200 |" time="0.15">
    <failure message="Two or more Movies has same image/poster path." type="java.lang.AssertionError">java.lang.AssertionError: Two or more Movies has same image/poster path.
</failure>
  </testcase>
  <testcase name="| batman | 0 | 200 |" classname="| batman | 0 | 200 |" time="0.007">
    <failure message="Poster path contains broken links." type="java.lang.AssertionError">java.lang.AssertionError: Poster path contains broken links.
</failure>
  </testcase>
  <testcase name="| batman | 0 | 200 |" classname="| batman | 0 | 200 |" time="0.001"/>
  <testcase name="| batman | 0 | 200 |" classname="| batman | 0 | 200 |" time="0.001"/>
  <testcase name="| batman | 0 | 200 |" classname="| batman | 0 | 200 |" time="0"/>
  <testcase name="| batman | 0 | 200 |" classname="| batman | 0 | 200 |" time="0.001"/>
  <testcase name="And User verifies all poster path is either valid or null" classname="| batman | 0 | 200 |" time="0.005">
    <failure message="Poster path contains broken links." type="java.lang.AssertionError">java.lang.AssertionError: Poster path contains broken links.
</failure>
    <system-out><![CDATA[[main] INFO  com.splunk.base.BaseClass  - Total number of movies:: 16
[main] INFO  com.splunk.base.BaseClass  - [https://www.dropbox.com/s/8i8v4ak8tnp03w4/action-blur-electronics-247932.jpg?dl=0, https://www.dropbox.com/s/opfcp4ua5fmdszj/actor-actress-adult-974477.jpg?dl=0, https://www.dropbox.com/s/1qcl5f3o1dmsn0d/adult-beard-electronics-819848.jpg?dl=0, https://www.dropbox.com/s/0j5o30t1h21u2pw/architecture-bluebird-theatre-building-208647.jpg?dl=0, https://www.dropbox.com/s/xs5w5v43lpfg4vj/auditorium-chairs-comfortable-269140.jpg?dl=0, https://www.dropbox.com/s/tr9lhmsukyr62nf/black-and-white-caixa-belas-artes-cinema-65437.jpg?dl=0, https://www.dropbox.com/s/l3qyiomplo1xy2p/candy-delicious-eating-2904.jpg?dl=0, https://www.dropbox.com/s/2jda8hu20y99jxl/cinema-food-movie-theater-33129.jpg?dl=0, https://www.dropbox.com/s/2jda8hu20y99jxl/cinema-food-movie-theater-33129.jpg?dl=0, /sWa1Y5QhGuJMjw8uuFoggGLqZ0y.jpg, https://www.dropbox.com/s/2jda8hu20y99jxl/cinema-food-movvvie-theater-33129.jpg?dl=0, https://www.dropbox.com/s/8i8v4ak8tnp03w4/action-blur-electronics-247932.jpg?dl=0, https://www.dropbox.com/s/opfcp4ua5fmdszj/actor-actress-adult-974477.jpg?dl=0, https://www.dropbox.com/s/1qcl5f3o1dmsn0d/adult-beard-electronics-819848.jpg?dl=0, https://www.dropbox.com/s/0j5o30t1h21u2pw/architecture-bluebird-theatre-building-208647.jpg?dl=0, https://www.dropbox.com/s/xs5w5v43lpfg4vj/auditorium-chairs-comfortable-269140.jpg?dl=0, https://www.dropbox.com/s/tr9lhmsukyr62nf/black-and-white-caixa-belas-artes-cinema-65437.jpg?dl=0, https://www.dropbox.com/s/l3qyiomplo1xy2p/candy-delicious-eating-2904.jpg?dl=0, https://www.dropbox.com/s/2jda8hu20y99jxl/cinema-food-movie-theater-33129.jpg?dl=0, https://www.dropbox.com/s/2jda8hu20y99jxl/cinema-food-movie-theater-33129.jpg?dl=0, /sWa1Y5QhGuJMjw8uuFoggGLqZ0y.jpg, https://www.dropbox.com/s/2jda8hu20y99jxl/cinema-food-movvvie-theater-33129.jpg?dl=0]
[main] ERROR com.splunk.base.BaseClass  - Class:: MovieActions || Method:: isLinkBroken || Message:: Link is broken
[main] INFO  com.splunk.base.BaseClass  - Broken Link/s :: [/sWa1Y5QhGuJMjw8uuFoggGLqZ0y.jpg]
[main] INFO  com.splunk.base.BaseClass  - Added text to report successfully. /nText :: <table border='1'> <tr > <th colspan='1'><center> Broken Poster Path/s Detail</center></th><tr><td><left> /sWa1Y5QhGuJMjw8uuFoggGLqZ0y.jpg</left></td></tr></table>
]]></system-out>
  </testcase>
  <testcase name="And User prints movie title in sorted order as per the requirement" classname="| batman | 0 | 200 |" time="0"/>
  <testcase name="Then User prints movie title whose sum of genre ids &gt; 400" classname="| batman | 0 | 200 |" time="0"/>
  <testcase name="And User print the movie title with pallindrome string in it" classname="| batman | 0 | 200 |" time="0"/>
  <testcase name="And User print movie title/s which contains title of another movie" classname="| batman | 0 | 200 |" time="0"/>
</testsuite>